c:\users\semwa\source\repos\uwp_directx\uwp_directx\debug\pch.pch
c:\users\semwa\source\repos\uwp_directx\uwp_directx\debug\vc143.pdb
c:\users\semwa\source\repos\uwp_directx\uwp_directx\debug\vc143.idb
c:\users\semwa\source\repos\uwp_directx\uwp_directx\debug\pch.obj
c:\users\semwa\source\repos\uwp_directx\uwp_directx\debug\app.obj
c:\users\semwa\source\repos\uwp_directx\debug\uwp_directx\uwp_directx.winmd
c:\users\semwa\source\repos\uwp_directx\uwp_directx\debug\uwp_directx.vcxproj.assemblyreference.cache
c:\users\semwa\source\repos\uwp_directx\uwp_directx\debug\resourcehandlingtask.state
c:\users\semwa\source\repos\uwp_directx\uwp_directx\debug\uwp_directx.vcxproj.generateresource.cache
c:\users\semwa\source\repos\uwp_directx\uwp_directx\debug\priconfig.xml
c:\users\semwa\source\repos\uwp_directx\uwp_directx\debug\priconfig.xml.intermediate
c:\users\semwa\source\repos\uwp_directx\uwp_directx\debug\unfiltered.layout.resfiles
c:\users\semwa\source\repos\uwp_directx\uwp_directx\debug\unfiltered.layout.resfiles.intermediate
c:\users\semwa\source\repos\uwp_directx\uwp_directx\debug\filtered.layout.resfiles
c:\users\semwa\source\repos\uwp_directx\uwp_directx\debug\filtered.layout.resfiles.intermediate
c:\users\semwa\source\repos\uwp_directx\uwp_directx\debug\excluded.layout.resfiles
c:\users\semwa\source\repos\uwp_directx\uwp_directx\debug\excluded.layout.resfiles.intermediate
c:\users\semwa\source\repos\uwp_directx\uwp_directx\debug\resources.resfiles
c:\users\semwa\source\repos\uwp_directx\uwp_directx\debug\resources.resfiles.intermediate
c:\users\semwa\source\repos\uwp_directx\uwp_directx\debug\pri.resfiles
c:\users\semwa\source\repos\uwp_directx\uwp_directx\debug\pri.resfiles.intermediate
c:\users\semwa\source\repos\uwp_directx\debug\uwp_directx\resources.pri
c:\users\semwa\source\repos\uwp_directx\uwp_directx\debug\qualifiers.txt
c:\users\semwa\source\repos\uwp_directx\uwp_directx\debug\qualifiers.txt.intermediate
c:\users\semwa\source\repos\uwp_directx\uwp_directx\debug\multiplequalifiersperdimensionfound.txt
c:\users\semwa\source\repos\uwp_directx\uwp_directx\debug\projectarchitectures.txt
c:\users\semwa\source\repos\uwp_directx\debug\uwp_directx\appxmanifest.xml
c:\users\semwa\source\repos\uwp_directx\debug\uwp_directx\uwp_directx.build.appxrecipe
c:\users\semwa\source\repos\uwp_directx\debug\uwp_directx\uwp_directx.pdb
c:\users\semwa\source\repos\uwp_directx\uwp_directx\debug\uwp_directx.tlog\cl.command.1.tlog
c:\users\semwa\source\repos\uwp_directx\uwp_directx\debug\uwp_directx.tlog\cl.items.tlog
c:\users\semwa\source\repos\uwp_directx\uwp_directx\debug\uwp_directx.tlog\cl.read.1.tlog
c:\users\semwa\source\repos\uwp_directx\uwp_directx\debug\uwp_directx.tlog\cl.write.1.tlog
c:\users\semwa\source\repos\uwp_directx\uwp_directx\debug\uwp_directx.tlog\link.17724.read.1.tlog
c:\users\semwa\source\repos\uwp_directx\uwp_directx\debug\uwp_directx.tlog\link.17724.write.1.tlog
c:\users\semwa\source\repos\uwp_directx\uwp_directx\debug\uwp_directx.tlog\link.command.1.tlog
c:\users\semwa\source\repos\uwp_directx\uwp_directx\debug\uwp_directx.tlog\link.read.1.tlog
c:\users\semwa\source\repos\uwp_directx\uwp_directx\debug\uwp_directx.tlog\link.write.1.tlog
c:\users\semwa\source\repos\uwp_directx\uwp_directx\debug\uwp_directx.tlog\link.write.2u.tlog
c:\users\semwa\source\repos\uwp_directx\uwp_directx\debug\uwp_directx.tlog\uwp_directx.read.1u.tlog
c:\users\semwa\source\repos\uwp_directx\uwp_directx\debug\uwp_directx.tlog\uwp_directx.write.1u.tlog
